2025-01-15 05:10:00.399 | INFO     | utils.utils_logger:<module>:38 - Logging to file: logs\project_log.log
2025-01-15 05:10:00.411 | INFO     | __main__:main:106 - START producer...
2025-01-15 05:10:00.412 | INFO     | __main__:main:107 - Hit CTRL c (or CMD c) to close.
2025-01-15 05:10:00.412 | INFO     | __main__:get_message_interval:53 - Messages will be sent every 3 seconds.
2025-01-15 05:10:00.412 | INFO     | __main__:main:114 - I just tried an app! It was boring.
2025-01-15 05:10:03.413 | INFO     | __main__:main:114 - I just saw a meme! It was weird.
2025-01-15 05:10:06.414 | INFO     | __main__:main:114 - I just shared a trick! It was funny.
2025-01-15 05:10:09.415 | INFO     | __main__:main:114 - I just loved a story! It was boring.
2025-01-15 05:10:12.416 | INFO     | __main__:main:114 - I just shared an app! It was weird.
2025-01-15 05:10:15.417 | INFO     | __main__:main:114 - I just loved a trick! It was boring.
2025-01-15 05:10:18.418 | INFO     | __main__:main:114 - I just saw a meme! It was weird.
2025-01-15 05:10:21.419 | INFO     | __main__:main:114 - I just saw a movie! It was weird.
2025-01-15 05:10:24.420 | INFO     | __main__:main:114 - I just found a story! It was exciting.
2025-01-15 05:10:27.422 | INFO     | __main__:main:114 - I just shared a movie! It was exciting.
2025-01-15 05:10:30.424 | INFO     | __main__:main:114 - I just loved a trick! It was amazing.
2025-01-15 05:10:33.426 | INFO     | __main__:main:114 - I just tried an app! It was exciting.
2025-01-15 05:10:36.428 | INFO     | __main__:main:114 - I just found an app! It was weird.
2025-01-15 05:10:39.429 | INFO     | __main__:main:114 - I just found an app! It was boring.
2025-01-15 05:10:42.431 | INFO     | __main__:main:114 - I just loved a trick! It was weird.
2025-01-15 05:10:45.433 | INFO     | __main__:main:114 - I just saw an app! It was boring.
2025-01-15 05:10:48.434 | INFO     | __main__:main:114 - I just tried a meme! It was weird.
2025-01-15 05:10:51.435 | INFO     | __main__:main:114 - I just saw a story! It was boring.
2025-01-15 05:10:54.437 | INFO     | __main__:main:114 - I just found a trick! It was exciting.
2025-01-15 05:10:57.438 | INFO     | __main__:main:114 - I just found a trick! It was exciting.
2025-01-15 05:11:00.439 | INFO     | __main__:main:114 - I just found a movie! It was weird.
2025-01-15 05:11:03.440 | INFO     | __main__:main:114 - I just tried a trick! It was amazing.
2025-01-15 05:11:06.441 | INFO     | __main__:main:114 - I just shared a movie! It was boring.
2025-01-15 05:11:09.442 | INFO     | __main__:main:114 - I just shared an app! It was weird.
2025-01-15 05:11:12.442 | INFO     | __main__:main:114 - I just shared a story! It was weird.
2025-01-15 05:11:15.443 | INFO     | __main__:main:114 - I just shared a meme! It was boring.
2025-01-15 05:11:18.444 | INFO     | __main__:main:114 - I just saw an app! It was exciting.
2025-01-15 05:11:21.445 | INFO     | __main__:main:114 - I just loved a movie! It was weird.
2025-01-15 05:11:24.446 | INFO     | __main__:main:114 - I just shared a meme! It was funny.
2025-01-15 05:11:27.447 | INFO     | __main__:main:114 - I just loved a movie! It was funny.
2025-01-15 05:11:30.449 | INFO     | __main__:main:114 - I just found an app! It was weird.
2025-01-15 05:11:33.450 | INFO     | __main__:main:114 - I just loved a story! It was weird.
2025-01-15 05:11:36.451 | INFO     | __main__:main:114 - I just shared a meme! It was boring.
2025-01-15 05:11:39.452 | INFO     | __main__:main:114 - I just shared an app! It was funny.
2025-01-15 05:11:42.453 | INFO     | __main__:main:114 - I just shared a story! It was amazing.
2025-01-15 05:11:45.455 | INFO     | __main__:main:114 - I just saw a story! It was exciting.
2025-01-15 05:11:48.455 | INFO     | __main__:main:114 - I just shared a trick! It was amazing.
2025-01-15 05:11:51.456 | INFO     | __main__:main:114 - I just tried a meme! It was funny.
2025-01-15 05:11:54.457 | INFO     | __main__:main:114 - I just saw an app! It was weird.
2025-01-15 05:11:57.457 | INFO     | __main__:main:114 - I just tried an app! It was exciting.
2025-01-15 05:12:00.459 | INFO     | __main__:main:114 - I just found an app! It was amazing.
2025-01-15 05:12:03.460 | INFO     | __main__:main:114 - I just saw a trick! It was funny.
2025-01-15 05:12:06.462 | INFO     | __main__:main:114 - I just loved a movie! It was weird.
2025-01-15 05:12:09.463 | INFO     | __main__:main:114 - I just saw a movie! It was weird.
2025-01-15 05:12:12.465 | INFO     | __main__:main:114 - I just shared a movie! It was exciting.
2025-01-15 05:12:15.467 | INFO     | __main__:main:114 - I just shared a story! It was amazing.
2025-01-15 05:12:18.468 | INFO     | __main__:main:114 - I just tried an app! It was funny.
2025-01-15 05:12:21.469 | INFO     | __main__:main:114 - I just tried a story! It was exciting.
2025-01-15 05:12:24.471 | INFO     | __main__:main:114 - I just found an app! It was boring.
2025-01-15 05:12:27.473 | INFO     | __main__:main:114 - I just shared a trick! It was funny.
2025-01-15 05:12:30.474 | INFO     | __main__:main:114 - I just saw an app! It was weird.
2025-01-15 05:12:33.476 | INFO     | __main__:main:114 - I just shared an app! It was amazing.
2025-01-15 05:12:36.478 | INFO     | __main__:main:114 - I just saw a story! It was funny.
2025-01-15 05:12:38.805 | INFO     | utils.utils_logger:<module>:38 - Logging to file: logs\project_log.log
2025-01-15 05:12:38.805 | INFO     | __main__:main:68 - START...
2025-01-15 05:12:38.805 | INFO     | __main__:main:74 - Reading file located at logs\project_log.log.
2025-01-15 05:12:39.479 | INFO     | __main__:main:114 - I just saw a meme! It was weird.
2025-01-15 05:12:42.480 | INFO     | __main__:main:114 - I just found a trick! It was funny.
2025-01-15 05:12:45.482 | INFO     | __main__:main:114 - I just tried a movie! It was exciting.
2025-01-15 05:12:48.483 | INFO     | __main__:main:114 - I just shared a story! It was amazing.
2025-01-15 05:12:51.485 | INFO     | __main__:main:114 - I just found a movie! It was weird.
2025-01-15 05:12:54.486 | INFO     | __main__:main:114 - I just shared a meme! It was weird.
2025-01-15 05:12:57.487 | INFO     | __main__:main:114 - I just tried a meme! It was funny.
2025-01-15 05:13:00.489 | INFO     | __main__:main:114 - I just tried a story! It was exciting.
2025-01-15 05:13:03.490 | INFO     | __main__:main:114 - I just loved a trick! It was boring.
2025-01-15 05:13:06.491 | INFO     | __main__:main:114 - I just loved a story! It was boring.
2025-01-15 05:13:09.493 | INFO     | __main__:main:114 - I just shared a trick! It was weird.
2025-01-15 05:13:12.494 | INFO     | __main__:main:114 - I just found a movie! It was exciting.
2025-01-15 05:13:15.496 | INFO     | __main__:main:114 - I just loved a story! It was exciting.
2025-01-15 05:13:18.497 | INFO     | __main__:main:114 - I just loved a meme! It was amazing.
2025-01-15 05:13:21.499 | INFO     | __main__:main:114 - I just found a trick! It was boring.
2025-01-15 05:13:24.500 | INFO     | __main__:main:114 - I just shared a movie! It was amazing.
2025-01-15 05:13:27.502 | INFO     | __main__:main:114 - I just shared a meme! It was amazing.
2025-01-15 05:13:30.504 | INFO     | __main__:main:114 - I just shared a story! It was amazing.
2025-01-15 05:13:33.506 | INFO     | __main__:main:114 - I just shared a meme! It was amazing.
2025-01-15 05:13:36.508 | INFO     | __main__:main:114 - I just found a movie! It was boring.
2025-01-15 05:13:39.509 | INFO     | __main__:main:114 - I just found a story! It was funny.
2025-01-15 05:13:42.510 | INFO     | __main__:main:114 - I just loved a meme! It was weird.
2025-01-15 05:13:45.512 | INFO     | __main__:main:114 - I just shared a movie! It was boring.
2025-01-15 05:13:48.513 | INFO     | __main__:main:114 - I just shared a story! It was weird.
2025-01-15 05:13:51.514 | INFO     | __main__:main:114 - I just tried a trick! It was funny.
2025-01-15 05:13:54.518 | INFO     | __main__:main:114 - I just saw a trick! It was boring.
2025-01-15 05:13:57.526 | INFO     | __main__:main:114 - I just found a story! It was boring.
2025-01-15 05:14:00.527 | INFO     | __main__:main:114 - I just shared a movie! It was amazing.
2025-01-15 05:14:03.527 | INFO     | __main__:main:114 - I just shared a story! It was boring.
2025-01-15 05:14:06.528 | INFO     | __main__:main:114 - I just tried a story! It was boring.
2025-01-15 05:14:09.529 | INFO     | __main__:main:114 - I just tried a movie! It was boring.
2025-01-15 05:14:12.530 | INFO     | __main__:main:114 - I just tried a movie! It was boring.
2025-01-15 05:14:15.532 | INFO     | __main__:main:114 - I just loved an app! It was boring.
2025-01-15 05:14:18.533 | INFO     | __main__:main:114 - I just loved an app! It was amazing.
2025-01-15 05:14:21.534 | INFO     | __main__:main:114 - I just loved a story! It was amazing.
2025-01-15 05:14:24.536 | INFO     | __main__:main:114 - I just found a meme! It was funny.
2025-01-15 05:14:27.537 | INFO     | __main__:main:114 - I just tried a story! It was funny.
2025-01-15 05:14:30.539 | INFO     | __main__:main:114 - I just tried a movie! It was weird.
2025-01-15 05:14:33.540 | INFO     | __main__:main:114 - I just tried a movie! It was amazing.
2025-01-15 05:14:36.541 | INFO     | __main__:main:114 - I just shared a meme! It was amazing.
2025-01-15 05:14:39.542 | INFO     | __main__:main:114 - I just saw a trick! It was funny.
2025-01-15 05:14:42.544 | INFO     | __main__:main:114 - I just saw a movie! It was weird.
2025-01-15 05:14:45.546 | INFO     | __main__:main:114 - I just tried an app! It was exciting.
2025-01-15 05:14:48.547 | INFO     | __main__:main:114 - I just shared a trick! It was weird.
2025-01-15 05:14:51.549 | INFO     | __main__:main:114 - I just shared a movie! It was amazing.
2025-01-15 05:14:54.550 | INFO     | __main__:main:114 - I just loved a meme! It was weird.
2025-01-15 05:14:57.551 | INFO     | __main__:main:114 - I just saw a story! It was boring.
2025-01-15 05:15:00.553 | INFO     | __main__:main:114 - I just tried a movie! It was funny.
2025-01-15 05:15:03.554 | INFO     | __main__:main:114 - I just saw a meme! It was exciting.
2025-01-15 05:15:06.555 | INFO     | __main__:main:114 - I just found a meme! It was weird.
2025-01-15 05:15:09.556 | INFO     | __main__:main:114 - I just tried a movie! It was funny.
2025-01-15 05:15:12.558 | INFO     | __main__:main:114 - I just shared an app! It was amazing.
2025-01-15 05:15:15.559 | INFO     | __main__:main:114 - I just shared a movie! It was exciting.
2025-01-15 05:15:18.560 | INFO     | __main__:main:114 - I just saw a meme! It was amazing.
2025-01-15 05:15:21.561 | INFO     | __main__:main:114 - I just shared an app! It was amazing.
2025-01-15 05:15:24.563 | INFO     | __main__:main:114 - I just tried a movie! It was boring.
2025-01-15 05:15:27.564 | INFO     | __main__:main:114 - I just shared an app! It was exciting.
2025-01-15 05:15:30.566 | INFO     | __main__:main:114 - I just loved an app! It was funny.
2025-01-15 05:15:33.567 | INFO     | __main__:main:114 - I just loved a meme! It was boring.
2025-01-15 05:15:36.568 | INFO     | __main__:main:114 - I just tried a trick! It was exciting.
2025-01-15 05:15:39.569 | INFO     | __main__:main:114 - I just loved a trick! It was boring.
2025-01-15 05:15:42.571 | INFO     | __main__:main:114 - I just tried a meme! It was weird.
2025-01-15 05:15:45.572 | INFO     | __main__:main:114 - I just tried a trick! It was funny.
2025-01-15 05:15:48.573 | INFO     | __main__:main:114 - I just found a meme! It was funny.
2025-01-15 05:15:51.574 | INFO     | __main__:main:114 - I just found a story! It was amazing.
2025-01-15 05:15:54.576 | INFO     | __main__:main:114 - I just saw a meme! It was exciting.
2025-01-15 05:15:57.577 | INFO     | __main__:main:114 - I just saw a meme! It was boring.
2025-01-15 05:16:00.578 | INFO     | __main__:main:114 - I just saw a movie! It was funny.
2025-01-15 05:16:03.579 | INFO     | __main__:main:114 - I just saw a movie! It was funny.
2025-01-15 05:16:06.580 | INFO     | __main__:main:114 - I just loved an app! It was weird.
2025-01-15 05:16:09.582 | INFO     | __main__:main:114 - I just saw a meme! It was funny.
2025-01-15 05:16:12.583 | INFO     | __main__:main:114 - I just shared a movie! It was amazing.
2025-01-15 05:16:15.585 | INFO     | __main__:main:114 - I just shared a trick! It was weird.
2025-01-15 05:16:18.586 | INFO     | __main__:main:114 - I just shared a trick! It was funny.
2025-01-15 05:16:21.587 | INFO     | __main__:main:114 - I just shared an app! It was exciting.
2025-01-15 05:16:24.589 | INFO     | __main__:main:114 - I just found an app! It was exciting.
2025-01-15 05:16:27.590 | INFO     | __main__:main:114 - I just shared a movie! It was amazing.
2025-01-15 05:16:30.591 | INFO     | __main__:main:114 - I just shared a story! It was exciting.
2025-01-15 05:16:33.592 | INFO     | __main__:main:114 - I just shared a story! It was weird.
2025-01-15 05:16:36.593 | INFO     | __main__:main:114 - I just found a trick! It was funny.
2025-01-15 05:16:39.596 | INFO     | __main__:main:114 - I just found a meme! It was boring.
2025-01-15 05:16:42.597 | INFO     | __main__:main:114 - I just shared a meme! It was weird.
2025-01-15 05:16:45.598 | INFO     | __main__:main:114 - I just found an app! It was exciting.
2025-01-15 05:16:48.600 | INFO     | __main__:main:114 - I just loved a story! It was weird.
2025-01-15 05:16:51.601 | INFO     | __main__:main:114 - I just loved a meme! It was boring.
2025-01-15 05:16:54.602 | INFO     | __main__:main:114 - I just loved a story! It was funny.
2025-01-15 05:16:57.603 | INFO     | __main__:main:114 - I just tried a story! It was boring.
2025-01-15 05:17:00.604 | INFO     | __main__:main:114 - I just loved a movie! It was weird.
2025-01-15 05:17:03.605 | INFO     | __main__:main:114 - I just tried an app! It was exciting.
2025-01-15 05:17:06.606 | INFO     | __main__:main:114 - I just shared a story! It was exciting.
2025-01-15 05:17:09.608 | INFO     | __main__:main:114 - I just found an app! It was weird.
2025-01-15 05:17:12.608 | INFO     | __main__:main:114 - I just found a meme! It was weird.
2025-01-15 05:17:15.610 | INFO     | __main__:main:114 - I just tried a movie! It was amazing.
2025-01-15 05:17:18.610 | INFO     | __main__:main:114 - I just tried a movie! It was funny.
2025-01-15 05:17:21.611 | INFO     | __main__:main:114 - I just loved a trick! It was exciting.
2025-01-15 05:17:24.612 | INFO     | __main__:main:114 - I just shared a movie! It was boring.
2025-01-15 05:17:27.612 | INFO     | __main__:main:114 - I just saw a movie! It was amazing.
2025-01-15 05:17:30.613 | INFO     | __main__:main:114 - I just tried an app! It was amazing.
2025-01-15 05:17:33.614 | INFO     | __main__:main:114 - I just found a story! It was boring.
2025-01-15 05:17:36.615 | INFO     | __main__:main:114 - I just loved a movie! It was weird.
2025-01-15 05:17:39.615 | INFO     | __main__:main:114 - I just tried an app! It was boring.
2025-01-15 05:17:42.617 | INFO     | __main__:main:114 - I just found a story! It was boring.
2025-01-15 05:17:45.618 | INFO     | __main__:main:114 - I just saw an app! It was weird.
2025-01-15 05:17:48.620 | INFO     | __main__:main:114 - I just loved a movie! It was exciting.
2025-01-15 05:17:51.621 | INFO     | __main__:main:114 - I just shared a trick! It was exciting.
2025-01-15 05:17:54.621 | INFO     | __main__:main:114 - I just found a movie! It was weird.
2025-01-15 05:17:57.623 | INFO     | __main__:main:114 - I just found a story! It was amazing.
2025-01-15 05:18:00.623 | INFO     | __main__:main:114 - I just tried a story! It was weird.
2025-01-15 05:18:03.624 | INFO     | __main__:main:114 - I just loved a trick! It was funny.
2025-01-15 05:18:06.625 | INFO     | __main__:main:114 - I just shared a movie! It was boring.
2025-01-15 05:18:09.626 | INFO     | __main__:main:114 - I just saw a story! It was weird.
